C51 COMPILER V9.60.7.0   MAIN                                                              08/10/2023 17:13:42 PAGE 1   


C51 COMPILER V9.60.7.0, COMPILATION OF MODULE MAIN
OBJECT MODULE PLACED IN .\Objects\main.obj
COMPILER INVOKED BY: D:\keil5\C51\BIN\C51.EXE main.c OPTIMIZE(8,SPEED) BROWSE INCDIR(.\nixie;.\Delay) DEBUG OBJECTEXTEND
                    - PRINT(.\Listings\main.lst) OBJECT(.\Objects\main.obj)

line level    source

   1          #include <REGX52.H>
   2          #include "Delay.h"
   3          #include "Nixie.h"
   4          
   5          
   6          
   7          
   8          
   9          
  10          
  11          int main()
  12          {
  13   1          
  14   1         while(1)
  15   1          {
  16   2              Nixie(1,2);
  17   2      //        Delay(20);
  18   2              Nixie(2,7);
  19   2      //        Delay(20);
  20   2              Nixie(3,3);
  21   2      //        Delay(20);
  22   2          }
  23   1      }


MODULE INFORMATION:   STATIC OVERLAYABLE
   CODE SIZE        =     29    ----
   CONSTANT SIZE    =   ----    ----
   XDATA SIZE       =   ----    ----
   PDATA SIZE       =   ----    ----
   DATA SIZE        =   ----    ----
   IDATA SIZE       =   ----    ----
   BIT SIZE         =   ----    ----
END OF MODULE INFORMATION.


C51 COMPILATION COMPLETE.  0 WARNING(S),  0 ERROR(S)
