C51 COMPILER V9.60.7.0   MAIN                                                              07/07/2023 18:35:48 PAGE 1   


C51 COMPILER V9.60.7.0, COMPILATION OF MODULE MAIN
OBJECT MODULE PLACED IN .\Objects\main.obj
COMPILER INVOKED BY: D:\keil5\C51\BIN\C51.EXE main.c OPTIMIZE(8,SPEED) BROWSE DEBUG OBJECTEXTEND PRINT(.\Listings\main.l
                    -st) OBJECT(.\Objects\main.obj)

line level    source

   1          #include <REGX52.H>
   2          
   3          void Delay(unsigned int xms)            //@12.000MHz
   4          {
   5   1          while(xms)
   6   1          {
   7   2              unsigned char i, j;
   8   2      
   9   2              i = 2;
  10   2              j = 239;
  11   2              do
  12   2              {
  13   3                  while (--j);
  14   3              } while (--i);
  15   2              xms--;
  16   2          }
  17   1      }
  18          
  19          unsigned char LEDNum = 0;
  20          int main()
  21          {
  22   1          P2 = ~0x01;
  23   1          while(1)
  24   1          {
  25   2      //    P2_0 = 0;
  26   2      //    Delay(500);
  27   2      //    P2_0 = 1;
  28   2      //    Delay(500);
  29   2              
  30   2              if(P3_0 == 0)
  31   2              {
  32   3                  Delay(100);
  33   3                  while(P3_0 == 0)
  34   3                  {
  35   4                      
  36   4                  }
  37   3                  Delay(100);
  38   3                  
  39   3                  LEDNum++;
  40   3                  if(LEDNum >= 8)
  41   3                  {
  42   4                      LEDNum = 0;
  43   4                  }
  44   3                  P2 = ~(0x01 << LEDNum);
  45   3                
  46   3                  
  47   3              }
  48   2              
  49   2               
  50   2              if(P3_1 == 0)
  51   2              {
  52   3                  Delay(100);
  53   3                  while(P3_1 == 0)
  54   3                  {
C51 COMPILER V9.60.7.0   MAIN                                                              07/07/2023 18:35:48 PAGE 2   

  55   4                      
  56   4                  }
  57   3                  Delay(100);
  58   3                  
  59   3                    if(LEDNum = 0)
*** WARNING C276 IN LINE 59 OF main.c: constant in condition expression
  60   3                  {
  61   4                      LEDNum = 7;
  62   4                  }
  63   3                  else 
  64   3                  {
  65   4                  LEDNum--;
  66   4                  }
  67   3                
  68   3                  P2 = ~(0x01 << LEDNum);
  69   3                
  70   3                  
  71   3              }
  72   2          }
  73   1      }
*** WARNING C294 IN LINE 61 OF main.c: unreachable code


MODULE INFORMATION:   STATIC OVERLAYABLE
   CODE SIZE        =    106    ----
   CONSTANT SIZE    =   ----    ----
   XDATA SIZE       =   ----    ----
   PDATA SIZE       =   ----    ----
   DATA SIZE        =      1       2
   IDATA SIZE       =   ----    ----
   BIT SIZE         =   ----    ----
END OF MODULE INFORMATION.


C51 COMPILATION COMPLETE.  2 WARNING(S),  0 ERROR(S)
