C51 COMPILER V9.60.7.0   MAIN                                                              08/10/2023 19:22:28 PAGE 1   


C51 COMPILER V9.60.7.0, COMPILATION OF MODULE MAIN
OBJECT MODULE PLACED IN .\Objects\main.obj
COMPILER INVOKED BY: D:\keil5\C51\BIN\C51.EXE main.c OPTIMIZE(8,SPEED) BROWSE INCDIR(.\Delay;.\time) DEBUG OBJECTEXTEND 
                    -PRINT(.\Listings\main.lst) OBJECT(.\Objects\main.obj)

line level    source

   1          #include <REGX52.H>
   2          #include "Delay.h"
   3          #include "timer0.h"
   4          //Êí≠ÊîæÈÄüÂ∫¶ÔºåÂÄº‰∏∫ÂõõÂàÜÈü≥Á¨¶Êó∂Èïø
   5          #define SPEED  500
   6          //ËúÇÈ∏£Âô®Á´ØÂè£ÂÆö‰πâ
   7          sbit Buzzer = P2^5;
   8          
   9          
  10          //Èü≥Á¨¶‰∏éÁ¥¢ÂºïÂØπÂ∫îË°®ÔºåPÔºö‰ºëÊ≠¢Á¨¶ÔºåLÔºö‰ΩéÈü≥ÔºåMÔºö‰∏≠Èü≥ÔºåHÔºöÈ´òÈü≥Ôºå‰∏ãÂàíÁ∫øÔºöÂçáÂçäÈü≥Á
             -¨¶Âè∑#
  11          #define P       0
  12          #define L1      1
  13          #define L1_     2
  14          #define L2      3
  15          #define L2_     4
  16          #define L3      5
  17          #define L4      6
  18          #define L4_     7
  19          #define L5      8
  20          #define L5_     9
  21          #define L6      10
  22          #define L6_     11
  23          #define L7      12
  24          #define M1      13
  25          #define M1_     14
  26          #define M2      15
  27          #define M2_     16
  28          #define M3      17
  29          #define M4      18
  30          #define M4_     19
  31          #define M5      20
  32          #define M5_     21
  33          #define M6      22
  34          #define M6_     23
  35          #define M7      24
  36          #define H1      25
  37          #define H1_     26
  38          #define H2      27
  39          #define H2_     28
  40          #define H3      29
  41          #define H4      30
  42          #define H4_     31
  43          #define H5      32
  44          #define H5_     33
  45          #define H6      34
  46          #define H6_     35
  47          #define H7      36
  48          
  49          //Á¥¢Âºï‰∏éÈ¢ëÁéáÂØπÁÖßË°®
  50          unsigned int FreqTable[] = {
  51              0,
  52              63628,63731,63835,63928,64021,64103,64185,64260,64331,64400,64463,
  53              64528,64580,64633,64684,64732,64777,64820,64860,64898,64934,64968,65000,65030,65058,65085,
C51 COMPILER V9.60.7.0   MAIN                                                              08/10/2023 19:22:28 PAGE 2   

  54              65110,65134,65157,65178,65198,65217,65235,65252,65268,65283};
  55          
  56              
  57              //‰πêË∞±
  58          unsigned char code Music[] = 
  59          { 
  60              //1
  61                  P,      4,
  62                  P,      4,
  63                  P,      4,
  64                  M6,     2,
  65                  M7,     2,
  66                  
  67                  H1,     4+2,
  68                  M7,     2,
  69                  H1,     4,
  70                  H3,     4,
  71                  
  72                  M7,     4+4+4,
  73                  M3,     2,
  74                  M3,     2,
  75                  
  76                  //2
  77                  M6,     4+2,
  78                  M5,     2,
  79                  M6, 4,
  80                  H1,     4,
  81                  
  82                  M5,     4+4+4,
  83                  M3,     4,
  84                  
  85                  M4,     4+2,
  86                  M3,     2,
  87                  M4,     4,
  88                  H1,     4,
  89                  
  90                  //3
  91                  M3,     4+4,
  92                  P,      2,
  93                  H1,     2,
  94                  H1,     2,
  95                  H1,     2,
  96                  
  97                  M7,     4+2,
  98                  M4_,2,
  99                  M4_,4,
 100                  M7,     4,
 101                  
 102                  M7,     8,
 103                  P,      4,
 104                  M6,     2,
 105                  M7,     2,
 106                  
 107                  //4
 108                  H1,     4+2,
 109                  M7,     2,
 110                  H1,     4,
 111                  H3,     4,
 112                  
 113                  M7,     4+4+4,
 114                  M3,     2,
 115                  M3,     2,
C51 COMPILER V9.60.7.0   MAIN                                                              08/10/2023 19:22:28 PAGE 3   

 116                  
 117                  M6,     4+2,
 118                  M5,     2,
 119                  M6, 4,
 120                  H1,     4,
 121                  
 122                  //5
 123                  M5,     4+4+4,
 124                  M2,     2,
 125                  M3,     2,
 126                  
 127                  M4,     4,
 128                  H1,     2,
 129                  M7,     2+2,
 130                  H1,     2+4,
 131                  
 132                  H2,     2,
 133                  H2,     2,
 134                  H3,     2,
 135                  H1,     2+4+4,
 136                  
 137                  //6
 138                  H1,     2,
 139                  M7,     2,
 140                  M6,     2,
 141                  M6,     2,
 142                  M7,     4,
 143                  M5_,4,
 144                  
 145                  
 146                  M6,     4+4+4,
 147                  H1,     2,
 148                  H2,     2,
 149                  
 150                  H3,     4+2,
 151                  H2,     2,
 152                  H3,     4,
 153                  H5,     4,
 154                  
 155                  //7
 156                  H2,     4+4+4,
 157                  M5,     2,
 158                  M5,     2,
 159                  
 160                  H1,     4+2,
 161                  M7,     2,
 162                  H1,     4,
 163                  H3,     4,
 164                  
 165                  H3,     4+4+4+4,
 166                  
 167                  //8
 168                  M6,     2,
 169                  M7,     2,
 170                  H1,     4,
 171                  M7,     4,
 172                  H2,     2,
 173                  H2,     2,
 174                  
 175                  H1,     4+2,
 176                  M5,     2+4+4,
 177                  
C51 COMPILER V9.60.7.0   MAIN                                                              08/10/2023 19:22:28 PAGE 4   

 178                  H4,     4,
 179                  H3,     4,
 180                  H3,     4,
 181                  H1,     4,
 182                  
 183                  //9
 184                  H3,     4+4+4,
 185                  H3,     4,
 186                  
 187                  H6,     4+4,
 188                  H5,     4,
 189                  H5,     4,
 190                  
 191                  H3,     2,
 192                  H2,     2,
 193                  H1,     4+4,
 194                  P,      2,
 195                  H1,     2,
 196                  
 197                  //10
 198                  H2,     4,
 199                  H1,     2,
 200                  H2,     2,
 201                  H2,     4,
 202                  H5,     4,
 203                  
 204                  H3,     4+4+4,
 205                  H3,     4,
 206                  
 207                  H6,     4+4,
 208                  H5,     4+4,
 209                  
 210                  //11
 211                  H3,     2,
 212                  H2,     2,
 213                  H1,     4+4,
 214                  P,      2,
 215                  H1,     2,
 216                  
 217                  H2,     4,
 218                  H1,     2,
 219                  H2,     2+4,
 220                  M7,     4,
 221                  
 222                  M6,     4+4+4,
 223                  P,      4,
 224                  
 225                  0xFF    //ÁªàÊ≠¢Ê†áÂøó
 226          };
 227          
 228          
 229          unsigned char FreqSelect;
 230          unsigned char MusicSelect;
 231          int main()
 232          {
 233   1          Timer0_Init();
 234   1          while(1)
 235   1          {
 236   2              if(Music[MusicSelect] != 0xFF)
 237   2              {
 238   3                  FreqSelect = Music[MusicSelect];
 239   3                  MusicSelect++;
C51 COMPILER V9.60.7.0   MAIN                                                              08/10/2023 19:22:28 PAGE 5   

 240   3                  Delay(SPEED/4*Music[MusicSelect]);
 241   3                  MusicSelect++;
 242   3                  TR0 = 0;
 243   3                  Delay(5);
 244   3                  TR0 = 1;
 245   3               }
 246   2              else
 247   2              {
 248   3                  TR0 = 0;
 249   3                  while(1);
 250   3              }
 251   2                  
 252   2              
 253   2          }
 254   1      }
 255          
 256          
 257          void Timer0_Routine() interrupt 1
 258          {
 259   1         if(FreqTable[FreqSelect])
 260   1         {
 261   2              TL0 = FreqTable[FreqSelect] % 256;
 262   2              TH0 = FreqTable[FreqSelect] / 256;
 263   2              Buzzer = !Buzzer;
 264   2         }
 265   1      }


MODULE INFORMATION:   STATIC OVERLAYABLE
   CODE SIZE        =    101    ----
   CONSTANT SIZE    =    241    ----
   XDATA SIZE       =   ----    ----
   PDATA SIZE       =   ----    ----
   DATA SIZE        =     76    ----
   IDATA SIZE       =   ----    ----
   BIT SIZE         =   ----    ----
END OF MODULE INFORMATION.


C51 COMPILATION COMPLETE.  0 WARNING(S),  0 ERROR(S)
