C51 COMPILER V9.60.7.0   MAIN                                                              08/03/2023 10:10:46 PAGE 1   


C51 COMPILER V9.60.7.0, COMPILATION OF MODULE MAIN
OBJECT MODULE PLACED IN .\Objects\main.obj
COMPILER INVOKED BY: D:\keil5\C51\BIN\C51.EXE main.c OPTIMIZE(8,SPEED) BROWSE INCDIR(.\Delay;.\UART) DEBUG OBJECTEXTEND 
                    -PRINT(.\Listings\main.lst) OBJECT(.\Objects\main.obj)

line level    source

   1          #include <REGX52.H>
   2          #include "Delay.h"
   3          #include "UART.h"
   4          
   5          
   6          
   7          
   8          
   9          unsigned char Sec;
  10          int main()
  11          {
  12   1          UART_Init();
  13   1          
  14   1          while(1)
  15   1          {
  16   2           \
  17   1          }
  18   1      }
  19          
  20          void UART_Routine() interrupt 4
  21          {
  22   1          if(RI == 1)
  23   1          {
  24   2              P2 = ~SBUF;
  25   2              UART_SendByte(SBUF);
  26   2              RI == 0;
*** WARNING C275 IN LINE 26 OF main.c: expression with possibly no effect
  27   2          }
  28   1      }


MODULE INFORMATION:   STATIC OVERLAYABLE
   CODE SIZE        =     74    ----
   CONSTANT SIZE    =   ----    ----
   XDATA SIZE       =   ----    ----
   PDATA SIZE       =   ----    ----
   DATA SIZE        =      1    ----
   IDATA SIZE       =   ----    ----
   BIT SIZE         =   ----    ----
END OF MODULE INFORMATION.


C51 COMPILATION COMPLETE.  1 WARNING(S),  0 ERROR(S)
