C51 COMPILER V9.60.7.0   MAIN                                                              08/01/2023 23:17:51 PAGE 1   


C51 COMPILER V9.60.7.0, COMPILATION OF MODULE MAIN
OBJECT MODULE PLACED IN .\Objects\main.obj
COMPILER INVOKED BY: D:\keil5\C51\BIN\C51.EXE main.c OPTIMIZE(8,SPEED) BROWSE INCDIR(.\Delay;.\LCD1602;.\time) DEBUG OBJ
                    -ECTEXTEND PRINT(.\Listings\main.lst) OBJECT(.\Objects\main.obj)

line level    source

   1          #include <REGX52.H>
   2          #include "Delay.h"
   3          #include "LCD1602.h"
   4          #include "timer0.h"
*** WARNING C318 IN LINE 4 OF main.c: can't open file 'timer0.h'
   5          
   6          
   7          unsigned char Sec;
   8          unsigned char Min;
   9          unsigned char Hour;
  10          int main()
  11          {
  12   1          LCD_Init();
  13   1          Timer0_Init();
*** WARNING C206 IN LINE 13 OF main.c: 'Timer0_Init': missing function-prototype
  14   1          LCD_ShowString(1,1,"Clock:");
  15   1          LCD_ShowString(2,3,":");
  16   1          LCD_ShowString(2,6,":");
  17   1          
  18   1          while(1)
  19   1          {
  20   2              LCD_ShowNum(2,1,Hour,2);
  21   2              LCD_ShowNum(2,4,Min,2);
  22   2              LCD_ShowNum(2,7,Sec,2);
  23   2              
  24   2          }
  25   1      }
  26          
  27          
  28          void Timer0_Routine() interrupt 1
  29          {
  30   1          static unsigned int T0Count = 0;
  31   1          TH0 = 64535 / 256;
  32   1          TL0 - 54535 % 256;
*** WARNING C275 IN LINE 32 OF main.c: expression with possibly no effect
  33   1          T0Count++;
  34   1          if(T0Count >= 1000)
  35   1          {
  36   2              T0Count = 0;
  37   2             Sec++;
  38   2              if(Sec >= 60)
  39   2              {
  40   3                  Sec = 0;
  41   3                  Min++;
  42   3                  if(Min >= 60)
  43   3                  {
  44   4                      Min = 0;
  45   4                      Hour++;
  46   4                      if(Hour >= 24)
  47   4                      {
  48   5                          Hour = 0;
  49   5                      }
  50   4                  }
  51   3              }
C51 COMPILER V9.60.7.0   MAIN                                                              08/01/2023 23:17:51 PAGE 2   

  52   2                  
  53   2          }
  54   1      }


MODULE INFORMATION:   STATIC OVERLAYABLE
   CODE SIZE        =    160    ----
   CONSTANT SIZE    =      9    ----
   XDATA SIZE       =   ----    ----
   PDATA SIZE       =   ----    ----
   DATA SIZE        =      5    ----
   IDATA SIZE       =   ----    ----
   BIT SIZE         =   ----    ----
END OF MODULE INFORMATION.


C51 COMPILATION COMPLETE.  3 WARNING(S),  0 ERROR(S)
