C51 COMPILER V9.60.7.0   ONEWHILE                                                          08/14/2023 23:48:20 PAGE 1   


C51 COMPILER V9.60.7.0, COMPILATION OF MODULE ONEWHILE
OBJECT MODULE PLACED IN .\Objects\OneWhile.obj
COMPILER INVOKED BY: D:\keil5\C51\BIN\C51.EXE OneWhile\OneWhile.c OPTIMIZE(8,SPEED) BROWSE INCDIR(.\AT24C02;.\Delay;.\DS
                    -18B20;.\I2C;.\key;.\LCD1602;.\OneWhile;.\time) DEBUG OBJECTEXTEND PRINT(.\Listings\OneWhile.lst) OBJECT(.\Objects\OneWhi
                    -le.obj)

line level    source

   1          #include <REGX52.H>
   2          
   3          
   4          sbit OneWire_DQ = P3^7;
   5          
   6          //单总线初始化
   7          //从机响应位，0为响应，1为未响应
   8          unsigned char OneWire_Init()
   9          {  
  10   1          unsigned char  i;
  11   1          unsigned char  AckBit;
  12   1          EA = 0;
  13   1          OneWire_DQ = 1;
  14   1          OneWire_DQ = 0;
  15   1          i = 247;while (--i);     //延时 500us
  16   1          OneWire_DQ = 1;
  17   1          i = 32;while (--i);      //延时 70us
  18   1              AckBit = OneWire_DQ;
  19   1              i = 247;while (--i);     //延时 500us
  20   1          EA = 1;
  21   1          return AckBit;
  22   1          
  23   1      }
  24          
  25          //单总线发送一位
  26          void OneWire_SendBit(unsigned char Bit)
  27          {
  28   1          unsigned char  i;
  29   1          EA = 0;
  30   1          OneWire_DQ = 0;
  31   1          i = 4;while (--i);     //延时 10us
  32   1          OneWire_DQ = Bit;
  33   1          i = 24;while (--i);      //延时 50us
  34   1               OneWire_DQ = 1;
  35   1          EA = 1;
  36   1      } 
  37          
  38          
  39          //单总线接收一位
  40          unsigned char OneWire_ReceiveBit(void)
  41          {
  42   1          unsigned char  i;
  43   1          unsigned char Bit;
  44   1          EA = 0;
  45   1          OneWire_DQ = 0;
  46   1          i = 2;while (--i);    //延时 5us
  47   1           OneWire_DQ = 1;
  48   1          i = 2;while (--i);    //延时 5us
  49   1              Bit = OneWire_DQ;
  50   1          i = 24;while (--i);      //延时 50us
  51   1          EA = 1;
  52   1          return Bit;
  53   1      }
C51 COMPILER V9.60.7.0   ONEWHILE                                                          08/14/2023 23:48:20 PAGE 2   

  54          
  55          
  56          //单总线发送一位字节
  57          void OneWire_SendByte(unsigned char Byte)
  58          {
  59   1          unsigned char i;
  60   1          for(i = 0; i < 8; i++)
  61   1          {
  62   2              OneWire_SendBit(Byte & (0x01 << i));
  63   2          }
  64   1      }
  65          
  66          
  67          //单总线接收一个字节
  68          unsigned char OneWire_ReceiveByte(void)
  69          {
  70   1           unsigned char i;
  71   1          unsigned char Byte = 0x00;
  72   1          for(i = 0; i < 8; i++)
  73   1          {
  74   2              if(OneWire_ReceiveBit()){Byte |= (0x01 << i);}
  75   2          }
  76   1          return Byte;
  77   1      }


MODULE INFORMATION:   STATIC OVERLAYABLE
   CODE SIZE        =    134    ----
   CONSTANT SIZE    =   ----    ----
   XDATA SIZE       =   ----    ----
   PDATA SIZE       =   ----    ----
   DATA SIZE        =   ----    ----
   IDATA SIZE       =   ----    ----
   BIT SIZE         =   ----    ----
END OF MODULE INFORMATION.


C51 COMPILATION COMPLETE.  0 WARNING(S),  0 ERROR(S)
