C51 COMPILER V9.60.7.0   TIME0                                                             08/14/2023 23:48:20 PAGE 1   


C51 COMPILER V9.60.7.0, COMPILATION OF MODULE TIME0
OBJECT MODULE PLACED IN .\Objects\time0.obj
COMPILER INVOKED BY: D:\keil5\C51\BIN\C51.EXE time\time0.c OPTIMIZE(8,SPEED) BROWSE INCDIR(.\AT24C02;.\Delay;.\DS18B20;.
                    -\I2C;.\key;.\LCD1602;.\OneWhile;.\time) DEBUG OBJECTEXTEND PRINT(.\Listings\time0.lst) OBJECT(.\Objects\time0.obj)

line level    source

   1          #include <REGX52.H>
   2          
   3          //**    定时器0初始化
   4          
   5          void Timer0_Init(void)          //1毫秒@12.000MHz
   6          {
   7   1              //AUXR &= 0x7F;                 //定时器时钟12T模式
   8   1              TMOD &= 0xF0;                   //设置定时器模式
   9   1              TMOD |= 0x01;                   //设置定时器模式
  10   1              TL0 = 0x18;                             //设置定时初始值
  11   1              TH0 = 0xFC;                             //设置定时初始值
  12   1              TF0 = 0;                                //清除TF0标志
  13   1              TR0 = 1;                                //定时器0开始计时
  14   1          ET0 = 1;
  15   1          EA = 1;
  16   1          PT0 = 0; 
  17   1      }
  18          
  19          
  20          //**定时器中断函数模板
  21          //void Timer0_Routine() interrupt 1
  22          //{
  23          //    static unsigned int T0Count = 0;
  24          //    TH0 = 64535 / 256;
  25          //    TL0 - 54535 % 256;
  26          //    T0Count++;
  27          //    if(T0Count >= 1000)
  28          //    {
  29          //        T0Count = 0;
  30          //        P2_0 = ~P2_0;
  31          //    }
  32          //}


MODULE INFORMATION:   STATIC OVERLAYABLE
   CODE SIZE        =     23    ----
   CONSTANT SIZE    =   ----    ----
   XDATA SIZE       =   ----    ----
   PDATA SIZE       =   ----    ----
   DATA SIZE        =   ----    ----
   IDATA SIZE       =   ----    ----
   BIT SIZE         =   ----    ----
END OF MODULE INFORMATION.


C51 COMPILATION COMPLETE.  0 WARNING(S),  0 ERROR(S)
