C51 COMPILER V9.60.7.0   MAIN                                                              07/29/2023 23:47:36 PAGE 1   


C51 COMPILER V9.60.7.0, COMPILATION OF MODULE MAIN
OBJECT MODULE PLACED IN .\Objects\main.obj
COMPILER INVOKED BY: D:\keil5\C51\BIN\C51.EXE main.c OPTIMIZE(8,SPEED) BROWSE DEBUG OBJECTEXTEND PRINT(.\Listings\main.l
                    -st) OBJECT(.\Objects\main.obj)

line level    source

   1          #include <REGX52.H>
   2          #include "Delay.h"
   3          #include "Nixie.h"
   4          
   5          int main()
   6          {
   7   1          while(1)
   8   1          {
   9   2             Nixie(1,1);
  10   2      //        Delay(20);
  11   2              Nixie(2,2);
  12   2      //        Delay(20);
  13   2              Nixie(3,3);
  14   2      //        Delay(20);
  15   2              Nixie(4,4);
  16   2              Nixie(5,5);
  17   2              Nixie(6,6);
  18   2          }
  19   1      }


MODULE INFORMATION:   STATIC OVERLAYABLE
   CODE SIZE        =     56    ----
   CONSTANT SIZE    =   ----    ----
   XDATA SIZE       =   ----    ----
   PDATA SIZE       =   ----    ----
   DATA SIZE        =   ----    ----
   IDATA SIZE       =   ----    ----
   BIT SIZE         =   ----    ----
END OF MODULE INFORMATION.


C51 COMPILATION COMPLETE.  0 WARNING(S),  0 ERROR(S)
