C51 COMPILER V9.60.7.0   MAIN                                                              08/10/2023 18:35:41 PAGE 1   


C51 COMPILER V9.60.7.0, COMPILATION OF MODULE MAIN
OBJECT MODULE PLACED IN .\Objects\main.obj
COMPILER INVOKED BY: D:\keil5\C51\BIN\C51.EXE main.c OPTIMIZE(8,SPEED) BROWSE INCDIR(.\Delay;.\key;.\nixie;.\Buzzer) DEB
                    -UG OBJECTEXTEND PRINT(.\Listings\main.lst) OBJECT(.\Objects\main.obj)

line level    source

   1          #include <REGX52.H>
   2          #include "Delay.h"
   3          #include "Key.h"
   4          #include "Nixie.h"
   5          #include "Buzzer.h"
   6          
   7          
   8          
   9          sbit Buzzer = P2^5;
  10          unsigned char KeyNum;
  11          
  12          
  13          
  14          
  15          int main()
  16          {
  17   1          Nixie(1,0);
  18   1          while(1)
  19   1          {
  20   2              KeyNum = Key();
  21   2              if(KeyNum)
  22   2              {
  23   3                 Buzzer_Time(100);
  24   3                  Nixie(1,KeyNum);
  25   3              }
  26   2              
  27   2              
  28   2          }
  29   1          
  30   1          
  31   1      }


MODULE INFORMATION:   STATIC OVERLAYABLE
   CODE SIZE        =     36    ----
   CONSTANT SIZE    =   ----    ----
   XDATA SIZE       =   ----    ----
   PDATA SIZE       =   ----    ----
   DATA SIZE        =      1    ----
   IDATA SIZE       =   ----    ----
   BIT SIZE         =   ----    ----
END OF MODULE INFORMATION.


C51 COMPILATION COMPLETE.  0 WARNING(S),  0 ERROR(S)
