C51 COMPILER V9.60.7.0   MAIN                                                              08/14/2023 22:56:32 PAGE 1   


C51 COMPILER V9.60.7.0, COMPILATION OF MODULE MAIN
OBJECT MODULE PLACED IN .\Objects\main.obj
COMPILER INVOKED BY: D:\keil5\C51\BIN\C51.EXE main.c OPTIMIZE(8,SPEED) BROWSE INCDIR(.\Delay;.\LCD1602;.\DS18B20;.\OneWh
                    -ile) DEBUG OBJECTEXTEND PRINT(.\Listings\main.lst) OBJECT(.\Objects\main.obj)

line level    source

   1          #include <REGX52.H>
   2          #include "LCD1602.h"
   3          #include "DS18B20.h"
   4          #include "Delay.h"
   5          
   6          
   7          float T;
   8          int main()
   9          {
  10   1          DS18B20_ConvertT();   //上电先转换一次温度。防止第一次读数据错误
  11   1          Delay(1000);                        //等待转换完成
  12   1          LCD_Init();
  13   1          LCD_ShowString(1,1,"Temperature:");
  14   1         
  15   1          
  16   1          while(1)
  17   1          {
  18   2              
  19   2              DS18B20_ConvertT();  //转换温度
  20   2              T = DS18B20_ReadT();  //读取温度
  21   2              if(T < 0)
  22   2              {
  23   3                  LCD_ShowChar(2,1,'-');//显示负号
  24   3                  T = -T;                //将温度变为正数
  25   3              }
  26   2              else
  27   2              {
  28   3                  LCD_ShowChar(2,1,'+');
  29   3              }
  30   2              LCD_ShowNum(2,2,T,3);   //显示温度整数部分
  31   2              LCD_ShowChar(2,5,'.');   //显示小数点
  32   2              LCD_ShowNum(2,6,(unsigned long)(T * 10000) % 10000,4);//显示温度的小树部分
  33   2          }
  34   1      }


MODULE INFORMATION:   STATIC OVERLAYABLE
   CODE SIZE        =    176    ----
   CONSTANT SIZE    =     13    ----
   XDATA SIZE       =   ----    ----
   PDATA SIZE       =   ----    ----
   DATA SIZE        =      4    ----
   IDATA SIZE       =   ----    ----
   BIT SIZE         =   ----    ----
END OF MODULE INFORMATION.


C51 COMPILATION COMPLETE.  0 WARNING(S),  0 ERROR(S)
