C51 COMPILER V9.60.7.0   ONEWHILE                                                          08/14/2023 22:56:33 PAGE 1   


C51 COMPILER V9.60.7.0, COMPILATION OF MODULE ONEWHILE
OBJECT MODULE PLACED IN .\Objects\OneWhile.obj
COMPILER INVOKED BY: D:\keil5\C51\BIN\C51.EXE OneWhile\OneWhile.c OPTIMIZE(8,SPEED) BROWSE INCDIR(.\Delay;.\LCD1602;.\DS
                    -18B20;.\OneWhile) DEBUG OBJECTEXTEND PRINT(.\Listings\OneWhile.lst) OBJECT(.\Objects\OneWhile.obj)

line level    source

   1          #include <REGX52.H>
   2          
   3          
   4          sbit OneWire_DQ = P3^7;
   5          
   6          //单总线初始化
   7          //从机响应位，0为响应，1为未响应
   8          unsigned char OneWire_Init()
   9          {  
  10   1          unsigned char  i;
  11   1          unsigned char  AckBit;
  12   1          OneWire_DQ = 1;
  13   1          OneWire_DQ = 0;
  14   1          i = 247;while (--i);     //延时 500us
  15   1          OneWire_DQ = 1;
  16   1          i = 32;while (--i);      //延时 70us
  17   1              AckBit = OneWire_DQ;
  18   1              i = 247;while (--i);     //延时 500us
  19   1          return AckBit;
  20   1      }
  21          
  22          //单总线发送一位
  23          void OneWire_SendBit(unsigned char Bit)
  24          {
  25   1          unsigned char  i;
  26   1          OneWire_DQ = 0;
  27   1          i = 4;while (--i);     //延时 10us
  28   1          OneWire_DQ = Bit;
  29   1          i = 24;while (--i);      //延时 50us
  30   1               OneWire_DQ = 1;
  31   1          
  32   1      } 
  33          
  34          
  35          //单总线接收一位
  36          unsigned char OneWire_ReceiveBit(void)
  37          {
  38   1          unsigned char  i;
  39   1          unsigned char Bit;
  40   1          OneWire_DQ = 0;
  41   1          i = 2;while (--i);    //延时 5us
  42   1           OneWire_DQ = 1;
  43   1          i = 2;while (--i);    //延时 5us
  44   1              Bit = OneWire_DQ;
  45   1          i = 24;while (--i);      //延时 50us
  46   1          return Bit;
  47   1      }
  48          
  49          
  50          //单总线发送一位字节
  51          void OneWire_SendByte(unsigned char Byte)
  52          {
  53   1          unsigned char i;
  54   1          for(i = 0; i < 8; i++)
C51 COMPILER V9.60.7.0   ONEWHILE                                                          08/14/2023 22:56:33 PAGE 2   

  55   1          {
  56   2              OneWire_SendBit(Byte & (0x01 << i));
  57   2          }
  58   1      }
  59          
  60          
  61          //单总线接收一个字节
  62          unsigned char OneWire_ReceiveByte(void)
  63          {
  64   1           unsigned char i;
  65   1          unsigned char Byte = 0x00;
  66   1          for(i = 0; i < 8; i++)
  67   1          {
  68   2              if(OneWire_ReceiveBit()){Byte |= (0x01 << i);}
  69   2          }
  70   1          return Byte;
  71   1      }


MODULE INFORMATION:   STATIC OVERLAYABLE
   CODE SIZE        =    122    ----
   CONSTANT SIZE    =   ----    ----
   XDATA SIZE       =   ----    ----
   PDATA SIZE       =   ----    ----
   DATA SIZE        =   ----    ----
   IDATA SIZE       =   ----    ----
   BIT SIZE         =   ----    ----
END OF MODULE INFORMATION.


C51 COMPILATION COMPLETE.  0 WARNING(S),  0 ERROR(S)
