C51 COMPILER V9.60.7.0   MATRIXKEY                                                         07/30/2023 11:25:41 PAGE 1   


C51 COMPILER V9.60.7.0, COMPILATION OF MODULE MATRIXKEY
OBJECT MODULE PLACED IN .\Objects\MatrixKey.obj
COMPILER INVOKED BY: D:\keil5\C51\BIN\C51.EXE MatrixKey\MatrixKey.c OPTIMIZE(8,SPEED) BROWSE INCDIR(.\Delay;.\LCD1602;.\
                    -MatrixKey) DEBUG OBJECTEXTEND PRINT(.\Listings\MatrixKey.lst) OBJECT(.\Objects\MatrixKey.obj)

line level    source

   1          #include <REGX52.H>
   2          #include "Delay.h"
   3          
   4          
   5          unsigned char MatrixKey()
   6          {
   7   1          unsigned char KeyNumber = 0;
   8   1          
   9   1          //按列扫描
  10   1              
  11   1          P1 = 0xFF;
  12   1          P1_3 = 0;            //扫描第一列
  13   1          if(P1_7 == 0){Delay(20); while(P1_7 == 0); Delay(20); KeyNumber = 1;}
  14   1          if(P1_6 == 0){Delay(20); while(P1_6 == 0); Delay(20); KeyNumber = 5;}
  15   1          if(P1_5 == 0){Delay(20); while(P1_5 == 0); Delay(20); KeyNumber = 9;}
  16   1          if(P1_4 == 0){Delay(20); while(P1_4 == 0); Delay(20); KeyNumber = 13;}
  17   1          
  18   1           P1 = 0xFF; 
  19   1          P1_2 = 0;           //扫描第二列
  20   1          if(P1_7 == 0){Delay(20); while(P1_7 == 0); Delay(20); KeyNumber = 2;}
  21   1          if(P1_6 == 0){Delay(20); while(P1_6 == 0); Delay(20); KeyNumber = 6;}
  22   1          if(P1_5 == 0){Delay(20); while(P1_5 == 0); Delay(20); KeyNumber = 10;}
  23   1          if(P1_4 == 0){Delay(20); while(P1_4 == 0); Delay(20); KeyNumber = 14;}
  24   1          
  25   1           P1 = 0xFF;
  26   1          P1_1 = 0;           //扫描第三列
  27   1          if(P1_7 == 0){Delay(20); while(P1_7 == 0); Delay(20); KeyNumber = 3;}
  28   1          if(P1_6 == 0){Delay(20); while(P1_6 == 0); Delay(20); KeyNumber = 7;}
  29   1          if(P1_5 == 0){Delay(20); while(P1_5 == 0); Delay(20); KeyNumber = 11;}
  30   1          if(P1_4 == 0){Delay(20); while(P1_4 == 0); Delay(20); KeyNumber = 15;}
  31   1          
  32   1           P1 = 0xFF;
  33   1          P1_0 = 0;             //扫描第四列
  34   1          if(P1_7 == 0){Delay(20); while(P1_7 == 0); Delay(20); KeyNumber = 4;}
  35   1          if(P1_6 == 0){Delay(20); while(P1_6 == 0); Delay(20); KeyNumber = 8;}
  36   1          if(P1_5 == 0){Delay(20); while(P1_5 == 0); Delay(20); KeyNumber = 12;}
  37   1          if(P1_4 == 0){Delay(20); while(P1_4 == 0); Delay(20); KeyNumber = 16;}
  38   1          
  39   1          
  40   1          return KeyNumber;
  41   1      }


MODULE INFORMATION:   STATIC OVERLAYABLE
   CODE SIZE        =    393    ----
   CONSTANT SIZE    =   ----    ----
   XDATA SIZE       =   ----    ----
   PDATA SIZE       =   ----    ----
   DATA SIZE        =   ----       1
   IDATA SIZE       =   ----    ----
   BIT SIZE         =   ----    ----
END OF MODULE INFORMATION.


C51 COMPILATION COMPLETE.  0 WARNING(S),  0 ERROR(S)
