C51 COMPILER V9.60.7.0   MAIN                                                              07/06/2023 22:38:10 PAGE 1   


C51 COMPILER V9.60.7.0, COMPILATION OF MODULE MAIN
OBJECT MODULE PLACED IN .\Objects\main.obj
COMPILER INVOKED BY: D:\keil5\C51\BIN\C51.EXE main.c OPTIMIZE(8,SPEED) BROWSE DEBUG OBJECTEXTEND PRINT(.\Listings\main.l
                    -st) OBJECT(.\Objects\main.obj)

line level    source

   1          #include <REGX52.H>
   2          
   3          
   4          int main()
   5          {
   6   1      //    P2 = 0xFE;
   7   1          P2_0 = 0;
   8   1          P2_0 = 1;
   9   1          while(1)
  10   1          {
  11   2              if(P3_1 == 0 && P3_0 == 0)
  12   2              {
  13   3                  P2_0 = 0;
  14   3              }
  15   2              else
  16   2              {
  17   3                  P2_0 = 1;
  18   3              }
  19   2          }
  20   1      }


MODULE INFORMATION:   STATIC OVERLAYABLE
   CODE SIZE        =     18    ----
   CONSTANT SIZE    =   ----    ----
   XDATA SIZE       =   ----    ----
   PDATA SIZE       =   ----    ----
   DATA SIZE        =   ----    ----
   IDATA SIZE       =   ----    ----
   BIT SIZE         =   ----    ----
END OF MODULE INFORMATION.


C51 COMPILATION COMPLETE.  0 WARNING(S),  0 ERROR(S)
