C51 COMPILER V9.60.7.0   MAIN                                                              08/08/2023 11:33:32 PAGE 1   


C51 COMPILER V9.60.7.0, COMPILATION OF MODULE MAIN
OBJECT MODULE PLACED IN .\Objects\main.obj
COMPILER INVOKED BY: D:\keil5\C51\BIN\C51.EXE main.c OPTIMIZE(8,SPEED) BROWSE INCDIR(.\LCD1602;.\DS1302;.\Delay) DEBUG O
                    -BJECTEXTEND PRINT(.\Listings\main.lst) OBJECT(.\Objects\main.obj)

line level    source

   1          #include <REGX52.H>
   2          #include "LCD1602.h"
   3          #include "DS1302.h"
   4          #include "Delay.h"
   5          
   6          
   7          
   8          int main()
   9          {
  10   1          LCD_Init();
  11   1          DS1302_Init();
  12   1          LCD_ShowString(1,1,"  -  -  ");
  13   1          LCD_ShowString(2,1,"  :  :  ");
  14   1          
  15   1          DS1302_SetTime();
  16   1          
  17   1          while (1)
  18   1          {
  19   2              DS1302_ReadTime();
  20   2              LCD_ShowNum(1,1,DS1302_Time[0],2);
  21   2              LCD_ShowNum(1,4,DS1302_Time[1],2);
  22   2              LCD_ShowNum(1,7,DS1302_Time[2],2);
  23   2              LCD_ShowNum(2,1,DS1302_Time[3],2);
  24   2              LCD_ShowNum(2,4,DS1302_Time[4],2);
  25   2              LCD_ShowNum(2,7,DS1302_Time[5],2);
  26   2              
  27   2              
  28   2              Delay(50);
  29   2          }
  30   1      }


MODULE INFORMATION:   STATIC OVERLAYABLE
   CODE SIZE        =    137    ----
   CONSTANT SIZE    =     18    ----
   XDATA SIZE       =   ----    ----
   PDATA SIZE       =   ----    ----
   DATA SIZE        =   ----    ----
   IDATA SIZE       =   ----    ----
   BIT SIZE         =   ----    ----
END OF MODULE INFORMATION.


C51 COMPILATION COMPLETE.  0 WARNING(S),  0 ERROR(S)
