C51 COMPILER V9.60.7.0   MAIN                                                              07/30/2023 00:41:53 PAGE 1   


C51 COMPILER V9.60.7.0, COMPILATION OF MODULE MAIN
OBJECT MODULE PLACED IN .\Objects\main.obj
COMPILER INVOKED BY: D:\keil5\C51\BIN\C51.EXE main.c OPTIMIZE(8,SPEED) BROWSE INCDIR(.\LCD1602;.\Delay) DEBUG OBJECTEXTE
                    -ND PRINT(.\Listings\main.lst) OBJECT(.\Objects\main.obj)

line level    source

   1          #include <REGX52.H>
   2          #include "LCD1602.h"
   3          #include "Delay.h"
   4          int Result;
   5          
   6          int main()
   7          {
   8   1          LCD_Init();
   9   1      //    LCD_ShowChar(1,1,'A');         //显示字符
  10   1      //    LCD_ShowString(2,3,"Hello");   //显示字符串
  11   1      //    LCD_ShowNum(1,3,66,3);         //显示数字
  12   1      //    LCD_ShowSignedNum(1,7,-7,2);   //显示有符号数字
  13   1      //    LCD_ShowHexNum(1,11,0xFE,3);   //显示十六进制数
  14   1      //    LCD_ShowBinNum(2,9,0xFF,8);    //显示二进制数
  15   1          Result = 1 + 1;
  16   1          
  17   1          while(1)
  18   1          {
  19   2              Result++;
  20   2              Delay(1000);
  21   2              LCD_ShowNum(1,1,Result,3);
  22   2          }
  23   1      }


MODULE INFORMATION:   STATIC OVERLAYABLE
   CODE SIZE        =     40    ----
   CONSTANT SIZE    =   ----    ----
   XDATA SIZE       =   ----    ----
   PDATA SIZE       =   ----    ----
   DATA SIZE        =      2    ----
   IDATA SIZE       =   ----    ----
   BIT SIZE         =   ----    ----
END OF MODULE INFORMATION.


C51 COMPILATION COMPLETE.  0 WARNING(S),  0 ERROR(S)
