C51 COMPILER V9.60.7.0   MAIN                                                              09/03/2023 15:43:02 PAGE 1   


C51 COMPILER V9.60.7.0, COMPILATION OF MODULE MAIN
OBJECT MODULE PLACED IN .\Objects\main.obj
COMPILER INVOKED BY: D:\keil5\C51\BIN\C51.EXE main.c OPTIMIZE(8,SPEED) BROWSE DEBUG OBJECTEXTEND PRINT(.\Listings\main.l
                    -st) OBJECT(.\Objects\main.obj)

line level    source

   1          #include <REGX52.H>
   2          
   3          sbit LED = P2^0;
   4          
   5          void Delay(unsigned int t)
   6          {
   7   1          while(t--);
   8   1      }
   9          
  10          int main()
  11          {
  12   1          unsigned char Time,i;
  13   1          while(1)
  14   1          {
  15   2              for(Time = 0; Time < 100; Time ++)
  16   2              {
  17   3                  for(i = 0; i < 20; i++)
  18   3                  {
  19   4                      
  20   4                      LED = 0;
  21   4                      Delay(Time);
  22   4                      LED = 1;
  23   4                      Delay(100-Time);
  24   4                  }
  25   3              }
  26   2         
  27   2               for(Time = 100; Time > 0; Time --)
  28   2              {
  29   3                  for(i = 0; i < 20; i++)
  30   3                  {
  31   4                      
  32   4                      LED = 0;
  33   4                      Delay(Time);
  34   4                      LED = 1;
  35   4                      Delay(100-Time);
  36   4                  }
  37   3              }
  38   2          }
  39   1      }


MODULE INFORMATION:   STATIC OVERLAYABLE
   CODE SIZE        =     68    ----
   CONSTANT SIZE    =   ----    ----
   XDATA SIZE       =   ----    ----
   PDATA SIZE       =   ----    ----
   DATA SIZE        =   ----    ----
   IDATA SIZE       =   ----    ----
   BIT SIZE         =   ----    ----
END OF MODULE INFORMATION.


C51 COMPILATION COMPLETE.  0 WARNING(S),  0 ERROR(S)
