C51 COMPILER V9.60.7.0   I2C                                                               08/12/2023 22:15:14 PAGE 1   


C51 COMPILER V9.60.7.0, COMPILATION OF MODULE I2C
OBJECT MODULE PLACED IN .\Objects\I2C.obj
COMPILER INVOKED BY: D:\keil5\C51\BIN\C51.EXE I2C\I2C.c OPTIMIZE(8,SPEED) BROWSE INCDIR(.\Delay;.\key;.\LCD1602;.\I2C;.\
                    -AT24C02) DEBUG OBJECTEXTEND PRINT(.\Listings\I2C.lst) OBJECT(.\Objects\I2C.obj)

line level    source

   1          #include <REGX52.H>
   2          
   3          
   4          sbit I2C_SCL = P2^1;
   5          sbit I2C_SDA = P2^0;
   6          
   7          
   8          //I2C开始
   9          void I2C_Start()
  10          {
  11   1          I2C_SDA = 1;
  12   1          I2C_SCL = 1;
  13   1          I2C_SDA = 0;
  14   1          I2C_SCL = 0;
  15   1          
  16   1      }
  17          
  18          //I2C停止
  19          void I2C_Stop()
  20          {
  21   1          I2C_SDA = 0;
  22   1          I2C_SCL = 1;
  23   1          I2C_SDA = 1;
  24   1      }
  25          
  26          //I2C发送一个字节
  27          void I2C_SendByte(unsigned char Byte)
  28          {
  29   1          unsigned char i;
  30   1          for(i = 0; i < 8; i++)
  31   1          {
  32   2              I2C_SDA = Byte & (0x80 >> i);
  33   2              I2C_SCL = 1;
  34   2              I2C_SCL = 0;
  35   2          }
  36   1      }
  37          
  38          //I2C接收到一个字节
  39          unsigned char I2C_ReceiveByte()
  40          {
  41   1        unsigned char i,Byte = 0x00;
  42   1      
  43   1          
  44   1          I2C_SDA = 1;
  45   1          
  46   1          for(i = 0; i < 8; i++)
  47   1          {
  48   2              I2C_SCL = 1;
  49   2              if(I2C_SDA)
  50   2                  {
  51   3                      Byte |= (0x80 >> i);
  52   3                  }
  53   2              I2C_SCL = 0;
  54   2          }
C51 COMPILER V9.60.7.0   I2C                                                               08/12/2023 22:15:14 PAGE 2   

  55   1      
  56   1          
  57   1          
  58   1      return Byte;
  59   1      }
  60          
  61          //I2C发送应答。0为应答，1为非应答
  62          void I2C_SendAck(unsigned char AckBit)
  63          {
  64   1           I2C_SDA = AckBit;
  65   1           I2C_SCL = 1;
  66   1           I2C_SCL = 0;
  67   1          
  68   1          
  69   1      }
  70          
  71          //I2C接收应答。0为应答，1为非应答
  72          unsigned char I2C_ReceiveAck()
  73          {
  74   1          unsigned char AckBit;
  75   1          I2C_SDA = 1;
  76   1          
  77   1          I2C_SCL = 1;
  78   1          
  79   1          AckBit = I2C_SDA;
  80   1          
  81   1          I2C_SCL = 0;
  82   1          
  83   1          
  84   1          return AckBit;
  85   1      }


MODULE INFORMATION:   STATIC OVERLAYABLE
   CODE SIZE        =    109    ----
   CONSTANT SIZE    =   ----    ----
   XDATA SIZE       =   ----    ----
   PDATA SIZE       =   ----    ----
   DATA SIZE        =   ----    ----
   IDATA SIZE       =   ----    ----
   BIT SIZE         =   ----    ----
END OF MODULE INFORMATION.


C51 COMPILATION COMPLETE.  0 WARNING(S),  0 ERROR(S)
