C51 COMPILER V9.60.7.0   MAIN                                                              08/01/2023 22:54:47 PAGE 1   


C51 COMPILER V9.60.7.0, COMPILATION OF MODULE MAIN
OBJECT MODULE PLACED IN .\Objects\main.obj
COMPILER INVOKED BY: D:\keil5\C51\BIN\C51.EXE main.c OPTIMIZE(8,SPEED) BROWSE INCDIR(.\Delay) DEBUG OBJECTEXTEND PRINT(.
                    -\Listings\main.lst) OBJECT(.\Objects\main.obj)

line level    source

   1          #include <REGX52.H>
   2          #include  "timer0.h"
*** WARNING C318 IN LINE 2 OF main.c: can't open file 'timer0.h'
   3          #include  "key.h"
*** WARNING C318 IN LINE 3 OF main.c: can't open file 'key.h'
   4          #include <INTRINS.H>
   5          
   6          
   7          
   8          
   9          unsigned char KeyNum;
  10          unsigned char LEDMode;
  11          int main()
  12          {
  13   1          P2 = 0xFE;   //点亮最低位LED，赋初值
  14   1          Timer0_Init();
*** WARNING C206 IN LINE 14 OF main.c: 'Timer0_Init': missing function-prototype
  15   1          while(1)
  16   1          {
  17   2              KeyNum = Key();
*** WARNING C206 IN LINE 17 OF main.c: 'Key': missing function-prototype
  18   2              if(KeyNum)
  19   2              {
  20   3                  if(KeyNum == 1)
  21   3                  {
  22   4                      LEDMode++;
  23   4                      if(LEDMode >= 2)LEDMode = 0;
  24   4                  }
  25   3              }
  26   2          }
  27   1      }
  28          
  29          
  30          
  31          void Timer0_Routine() interrupt 1
  32          {
  33   1          static unsigned int T0Count = 0;
  34   1          TH0 = 64535 / 256;
  35   1          TL0 - 54535 % 256;
*** WARNING C275 IN LINE 35 OF main.c: expression with possibly no effect
  36   1          T0Count++;
  37   1          if(T0Count >= 500)
  38   1          {
  39   2              T0Count = 0;
  40   2              if(LEDMode == 0)
  41   2                  P2 = _crol_(P2,1);
  42   2              if(LEDMode ==1)
  43   2                  P2 = _cror_(P2,1);
  44   2              
  45   2          }
  46   1      }
  47          
  48          
  49          
C51 COMPILER V9.60.7.0   MAIN                                                              08/01/2023 22:54:47 PAGE 2   

  50          
  51          
  52          
  53          
  54          
  55          
  56          
  57          
  58          
  59          


MODULE INFORMATION:   STATIC OVERLAYABLE
   CODE SIZE        =    113    ----
   CONSTANT SIZE    =   ----    ----
   XDATA SIZE       =   ----    ----
   PDATA SIZE       =   ----    ----
   DATA SIZE        =      4    ----
   IDATA SIZE       =   ----    ----
   BIT SIZE         =   ----    ----
END OF MODULE INFORMATION.


C51 COMPILATION COMPLETE.  5 WARNING(S),  0 ERROR(S)
