C51 COMPILER V9.60.7.0   MAIN                                                              08/06/2023 12:36:38 PAGE 1   


C51 COMPILER V9.60.7.0, COMPILATION OF MODULE MAIN
OBJECT MODULE PLACED IN .\Objects\main.obj
COMPILER INVOKED BY: D:\keil5\C51\BIN\C51.EXE main.c OPTIMIZE(8,SPEED) BROWSE INCDIR(.\Delay;.\MatrixLED) DEBUG OBJECTEX
                    -TEND PRINT(.\Listings\main.lst) OBJECT(.\Objects\main.obj)

line level    source

   1          #include <REGX52.H>
   2          #include "Delay.h"
   3          #include "MatrixLED.h"
   4          
   5          
   6          
   7          unsigned char code Animation[] = {
   8              0x00,0x00,0x00,0x00,0x00,0x00,0x00,0x00,
   9              0x00,0x08,0x50,0xEC,0x4A,0xE9,0x4F,0x09,
  10              0x5F,0xEA,0x48,0xF2,0x4B,0x0E,0x00,0x66,
  11              0x18,0xFF,0x26,0x6C,0xD5,0x2E,0x08,0x00,
  12              0x23,0x3A,0x2A,0xBF,0x6A,0x3A,0x23,0x00,
  13              0x00,0x00,0x00,0x00,0x00,0x00,0x00,0x00};
  14          int main()
  15          {
  16   1          unsigned char i,Offset = 0,Count = 0;
  17   1          MatrixLED_Init();
  18   1          while(1)
  19   1          {
  20   2              for(i = 0; i < 8; i++)
  21   2              {
  22   3                  MatrixLED_ShowColumn(i,Animation[i + Offset]);
  23   3              }
  24   2              Count++;
  25   2              if(Count > 10)
  26   2              {
  27   3                  Count = 0;
  28   3                  Offset++;
  29   3                  if(Offset > 32)
  30   3                  {
  31   4                      Offset = 0;
  32   4                  }
  33   3                  
  34   3              }
  35   2          }
  36   1          
  37   1      }


MODULE INFORMATION:   STATIC OVERLAYABLE
   CODE SIZE        =     60    ----
   CONSTANT SIZE    =     48    ----
   XDATA SIZE       =   ----    ----
   PDATA SIZE       =   ----    ----
   DATA SIZE        =   ----       3
   IDATA SIZE       =   ----    ----
   BIT SIZE         =   ----    ----
END OF MODULE INFORMATION.


C51 COMPILATION COMPLETE.  0 WARNING(S),  0 ERROR(S)
