C51 COMPILER V9.60.7.0   MATRIXLED                                                         08/06/2023 12:36:38 PAGE 1   


C51 COMPILER V9.60.7.0, COMPILATION OF MODULE MATRIXLED
OBJECT MODULE PLACED IN .\Objects\MatrixLED.obj
COMPILER INVOKED BY: D:\keil5\C51\BIN\C51.EXE MatrixLED\MatrixLED.c OPTIMIZE(8,SPEED) BROWSE INCDIR(.\Delay;.\MatrixLED)
                    - DEBUG OBJECTEXTEND PRINT(.\Listings\MatrixLED.lst) OBJECT(.\Objects\MatrixLED.obj)

line level    source

   1          #include <REGX52.H>
   2          #include "Delay.h"
   3          
   4          
   5          sbit RCK = P3^5;   //P3的第五位   //RCLK
   6          sbit SCK = P3^6;                  //SRCLK
   7          sbit SER = P3^4;                  //SER
   8          
   9          #define MATRIX_LED_PORT P0
  10          void _74HC595_WriteByte(unsigned char Byte)
  11              {
  12   1              unsigned char i = 0;
  13   1              for(i = 0; i < 8; i++)
  14   1              {
  15   2                  SER = Byte & (0x80 >> i);    
  16   2                  SCK = 1;
  17   2                  SCK = 0;
  18   2              }
  19   1              RCK = 1;
  20   1              RCK = 0;
  21   1        
  22   1          }
  23              
  24              
  25              
  26          void MatrixLED_Init()
  27          {
  28   1          SCK = 0;
  29   1          RCK = 0;
  30   1      }
  31          void MatrixLED_ShowColumn(unsigned char Column,unsigned char Data)
  32          {
  33   1          _74HC595_WriteByte(Data);
  34   1          MATRIX_LED_PORT = ~(0x80 >> Column);
  35   1          Delay(1);
  36   1          MATRIX_LED_PORT = 0xFF;
  37   1      }


MODULE INFORMATION:   STATIC OVERLAYABLE
   CODE SIZE        =     86    ----
   CONSTANT SIZE    =   ----    ----
   XDATA SIZE       =   ----    ----
   PDATA SIZE       =   ----    ----
   DATA SIZE        =   ----    ----
   IDATA SIZE       =   ----    ----
   BIT SIZE         =   ----    ----
END OF MODULE INFORMATION.


C51 COMPILATION COMPLETE.  0 WARNING(S),  0 ERROR(S)
