C51 COMPILER V9.60.7.0   AT24C02                                                           08/13/2023 00:04:36 PAGE 1   


C51 COMPILER V9.60.7.0, COMPILATION OF MODULE AT24C02
OBJECT MODULE PLACED IN .\Objects\AT24C02.obj
COMPILER INVOKED BY: D:\keil5\C51\BIN\C51.EXE AT24C02\AT24C02.c OPTIMIZE(8,SPEED) BROWSE INCDIR(.\Delay;.\key;.\nixie;.\
                    -time;.\I2C;.\AT24C02) DEBUG OBJECTEXTEND PRINT(.\Listings\AT24C02.lst) OBJECT(.\Objects\AT24C02.obj)

line level    source

   1          #include <REGX52.H>
   2          #include "I2C.h"
   3          
   4          
   5          #define AT24C02_ADDRESS 0xA0
   6          
   7          //AT24C02写入一个字节
   8          //WordAddress要写入字节的地址
   9          //Data要写入的数据
  10          void AT24C02_WriteByte(unsigned char WordAddress,Data)
  11          {
  12   1          
  13   1          I2C_Start(); 
  14   1          I2C_SendByte(AT24C02_ADDRESS);
  15   1          I2C_ReceiveAck();
  16   1          I2C_SendByte(WordAddress);
  17   1          I2C_ReceiveAck();
  18   1          I2C_SendByte(Data);
  19   1          I2C_ReceiveAck();
  20   1          I2C_Stop(); 
  21   1          
  22   1      }
  23          
  24          //AT24C02读取一个字节
  25          //Word要读出字节的地址
  26          //Data要读出的的数据
  27          unsigned char AT24C02_ReadByte(unsigned char WordAddress)
  28          {
  29   1          unsigned char Data;
  30   1          I2C_Start();
  31   1          I2C_SendByte(AT24C02_ADDRESS);
  32   1          I2C_ReceiveAck();
  33   1          I2C_SendByte(WordAddress);
  34   1          I2C_ReceiveAck();
  35   1          I2C_Start();
  36   1          I2C_SendByte(AT24C02_ADDRESS | 0x01);
  37   1          I2C_ReceiveAck();
  38   1          Data = I2C_ReceiveByte();
  39   1          I2C_SendAck(1);
  40   1          I2C_Stop(); 
  41   1          
  42   1          return Data;
  43   1      }


MODULE INFORMATION:   STATIC OVERLAYABLE
   CODE SIZE        =     84    ----
   CONSTANT SIZE    =   ----    ----
   XDATA SIZE       =   ----    ----
   PDATA SIZE       =   ----    ----
   DATA SIZE        =   ----       5
   IDATA SIZE       =   ----    ----
   BIT SIZE         =   ----    ----
END OF MODULE INFORMATION.

C51 COMPILER V9.60.7.0   AT24C02                                                           08/13/2023 00:04:36 PAGE 2   


C51 COMPILATION COMPLETE.  0 WARNING(S),  0 ERROR(S)
