C51 COMPILER V9.60.7.0   KEY                                                               08/13/2023 00:04:36 PAGE 1   


C51 COMPILER V9.60.7.0, COMPILATION OF MODULE KEY
OBJECT MODULE PLACED IN .\Objects\key.obj
COMPILER INVOKED BY: D:\keil5\C51\BIN\C51.EXE key\key.c OPTIMIZE(8,SPEED) BROWSE INCDIR(.\Delay;.\key;.\nixie;.\time;.\I
                    -2C;.\AT24C02) DEBUG OBJECTEXTEND PRINT(.\Listings\key.lst) OBJECT(.\Objects\key.obj)

line level    source

   1          #include <REGX52.H>
   2          #include "Delay.h"
   3          
   4          unsigned char Key_KeyNumber;
   5          
   6          unsigned char Key()
   7          {
   8   1          unsigned char Temp = 0;
   9   1          Temp = Key_KeyNumber;
  10   1          Key_KeyNumber = 0;
  11   1          return Temp;
  12   1      }
  13          
  14          //***           获取独立按键键码
  15          unsigned char Key_GetState()
  16          {
  17   1          unsigned char KeyNumber = 0;
  18   1          
  19   1          if (P3_1 == 0){KeyNumber = 1;}
  20   1          if (P3_0 == 0){KeyNumber = 2;}
  21   1          if (P3_2 == 0){KeyNumber = 3;}
  22   1          if (P3_3 == 0){KeyNumber = 4;}
  23   1          return KeyNumber;
  24   1      }
  25          
  26          void Key_Loop()
  27          {
  28   1          static unsigned char NowState,LastState;
  29   1          
  30   1          LastState = NowState;
  31   1          NowState = Key_GetState();
  32   1          
  33   1          if (LastState == 1 && NowState ==0)
  34   1          {
  35   2              Key_KeyNumber = 1;
  36   2          }
  37   1          if (LastState == 2 && NowState ==0)
  38   1          {
  39   2              Key_KeyNumber = 2;
  40   2          }
  41   1          if (LastState == 3 && NowState ==0)
  42   1          {
  43   2              Key_KeyNumber = 3;
  44   2          }
  45   1          if (LastState == 4 && NowState ==0)
  46   1          {
  47   2              Key_KeyNumber = 4;
  48   2          }
  49   1          
  50   1              
  51   1      }


MODULE INFORMATION:   STATIC OVERLAYABLE
C51 COMPILER V9.60.7.0   KEY                                                               08/13/2023 00:04:36 PAGE 2   

   CODE SIZE        =     85    ----
   CONSTANT SIZE    =   ----    ----
   XDATA SIZE       =   ----    ----
   PDATA SIZE       =   ----    ----
   DATA SIZE        =      3    ----
   IDATA SIZE       =   ----    ----
   BIT SIZE         =   ----    ----
END OF MODULE INFORMATION.


C51 COMPILATION COMPLETE.  0 WARNING(S),  0 ERROR(S)
