C51 COMPILER V9.60.7.0   MAIN                                                              09/03/2023 20:09:50 PAGE 1   


C51 COMPILER V9.60.7.0, COMPILATION OF MODULE MAIN
OBJECT MODULE PLACED IN .\Objects\main.obj
COMPILER INVOKED BY: D:\keil5\C51\BIN\C51.EXE main.c OPTIMIZE(8,SPEED) BROWSE INCDIR(.\Delay;.\key;.\nixie;.\time) DEBUG
                    - OBJECTEXTEND PRINT(.\Listings\main.lst) OBJECT(.\Objects\main.obj)

line level    source

   1          #include <REGX52.H>
   2          #include "Delay.h"
   3          #include "key.h"
   4          #include "Nixie.h"
   5          #include "time0.h"
   6          
   7          sbit Motor = P1^0;
   8          
   9          unsigned char Counter,Compare;
  10          unsigned char KeyNum,Speed;
  11          int main()
  12          {
  13   1          Timer0_Init();
  14   1          Compare = 5;
  15   1          while(1)
  16   1          {
  17   2              KeyNum = Key();
  18   2              if(KeyNum == 1)
  19   2              {
  20   3                  Speed++;
  21   3                  Speed %= 4;
  22   3                  if(Speed == 0){Compare = 0;}
  23   3                  if(Speed == 1){Compare = 5;}
  24   3                  if(Speed == 2){Compare = 50;}
  25   3                  if(Speed == 3){Compare = 100;}
  26   3                
  27   3              }
  28   2              Nixie(1,Speed);
  29   2          }
  30   1      }
  31          
  32          void Timer0_Routine() interrupt 1
  33          {
  34   1          TL0 = 0x9c;
  35   1          TH0 = 0xFF;
  36   1          Counter++;
  37   1          Counter %= 100;
  38   1          if(Counter < Compare)
  39   1          {
  40   2              Motor = 1;
  41   2          }
  42   1          else
  43   1          {
  44   2              Motor = 0;
  45   2          }
  46   1      }


MODULE INFORMATION:   STATIC OVERLAYABLE
   CODE SIZE        =    107    ----
   CONSTANT SIZE    =   ----    ----
   XDATA SIZE       =   ----    ----
   PDATA SIZE       =   ----    ----
   DATA SIZE        =      4    ----
C51 COMPILER V9.60.7.0   MAIN                                                              09/03/2023 20:09:50 PAGE 2   

   IDATA SIZE       =   ----    ----
   BIT SIZE         =   ----    ----
END OF MODULE INFORMATION.


C51 COMPILATION COMPLETE.  0 WARNING(S),  0 ERROR(S)
