C51 COMPILER V9.60.7.0   MAIN                                                              07/07/2023 00:11:52 PAGE 1   


C51 COMPILER V9.60.7.0, COMPILATION OF MODULE MAIN
OBJECT MODULE PLACED IN .\Objects\main.obj
COMPILER INVOKED BY: D:\keil5\C51\BIN\C51.EXE main.c OPTIMIZE(8,SPEED) BROWSE DEBUG OBJECTEXTEND PRINT(.\Listings\main.l
                    -st) OBJECT(.\Objects\main.obj)

line level    source

   1          #include <REGX52.H>
   2          
   3          void Delay(unsigned int xms)            //@12.000MHz
   4          {
   5   1          while(xms)
   6   1          {
   7   2              unsigned char i, j;
   8   2      
   9   2              i = 2;
  10   2              j = 239;
  11   2              do
  12   2              {
  13   3                  while (--j);
  14   3              } while (--i);
  15   2              xms--;
  16   2          }
  17   1      }
  18          
  19          int main()
  20          {
  21   1          unsigned char LEDNUM;
  22   1          while(1)
  23   1          {
  24   2              if(P3_1 == 0)
  25   2              {
  26   3                  Delay(20);
  27   3                  while(P3_1 == 0)
  28   3                  {
  29   4                      
  30   4                  }
  31   3                  Delay(20);
  32   3                  
  33   3      //            P2++;
  34   3      //            P2 = ~P2;
  35   3                  
  36   3                  LEDNUM++;
  37   3                  P2 = ~LEDNUM;
  38   3              }
  39   2          }
  40   1              
  41   1      }


MODULE INFORMATION:   STATIC OVERLAYABLE
   CODE SIZE        =     53    ----
   CONSTANT SIZE    =   ----    ----
   XDATA SIZE       =   ----    ----
   PDATA SIZE       =   ----    ----
   DATA SIZE        =   ----       3
   IDATA SIZE       =   ----    ----
   BIT SIZE         =   ----    ----
END OF MODULE INFORMATION.


C51 COMPILATION COMPLETE.  0 WARNING(S),  0 ERROR(S)
