C51 COMPILER V9.60.7.0   MAIN                                                              07/19/2023 16:45:03 PAGE 1   


C51 COMPILER V9.60.7.0, COMPILATION OF MODULE MAIN
OBJECT MODULE PLACED IN .\Objects\main.obj
COMPILER INVOKED BY: D:\keil5\C51\BIN\C51.EXE main.c OPTIMIZE(8,SPEED) BROWSE DEBUG OBJECTEXTEND PRINT(.\Listings\main.l
                    -st) OBJECT(.\Objects\main.obj)

line level    source

   1          #include <REGX52.H>
   2          
   3          unsigned char NixieTable[] = {0x3F,0x06,0x5B,0x4F,0x66,0x6D,0x7D,0x07,0x7F,0x6F};
   4          int Nixie(unsigned char Location,Number)
   5          {
   6   1          switch(Location)
   7   1          {
   8   2              case 1:
   9   2                  P2_4 = 1;
  10   2                  P2_3 = 1;
  11   2                  P2_2 = 1;
  12   2                  break;
  13   2               case 2:
  14   2                  P2_4 = 1;
  15   2                  P2_3 = 1;
  16   2                  P2_2 = 0;
  17   2                  break;
  18   2               case 3:
  19   2                  P2_4 = 1;
  20   2                  P2_3 = 0;
  21   2                  P2_2 = 1;
  22   2                  break;
  23   2               case 4:
  24   2                  P2_4 = 1;
  25   2                  P2_3 = 0;
  26   2                  P2_2 = 0;
  27   2                  break;
  28   2               case 5:
  29   2                  P2_4 = 0;
  30   2                  P2_3 = 1;
  31   2                  P2_2 = 1;
  32   2                  break;
  33   2               case 6:
  34   2                  P2_4 = 0;
  35   2                  P2_3 = 1;
  36   2                  P2_2 = 0;
  37   2                  break;
  38   2               case 7:
  39   2                  P2_4 = 0;
  40   2                  P2_3 = 0;
  41   2                  P2_2 = 1;
  42   2                  break;
  43   2               case 8:
  44   2                  P2_4 = 0;
  45   2                  P2_3 = 0;
  46   2                  P2_2 = 0;
  47   2                  break;
  48   2              
  49   2          }
  50   1          P0 = NixieTable[Number];
  51   1          
  52   1      }
  53          int main()
  54          {
C51 COMPILER V9.60.7.0   MAIN                                                              07/19/2023 16:45:03 PAGE 2   

  55   1          Nixie(7,2);
  56   1          while(1)
  57   1          {
  58   2          }
  59   1      }
*** WARNING C290 IN LINE 52 OF main.c: missing return value


MODULE INFORMATION:   STATIC OVERLAYABLE
   CODE SIZE        =    110    ----
   CONSTANT SIZE    =   ----    ----
   XDATA SIZE       =   ----    ----
   PDATA SIZE       =   ----    ----
   DATA SIZE        =     10    ----
   IDATA SIZE       =   ----    ----
   BIT SIZE         =   ----    ----
END OF MODULE INFORMATION.


C51 COMPILATION COMPLETE.  1 WARNING(S),  0 ERROR(S)
