C51 COMPILER V9.60.7.0   MAIN                                                              07/30/2023 15:09:32 PAGE 1   


C51 COMPILER V9.60.7.0, COMPILATION OF MODULE MAIN
OBJECT MODULE PLACED IN .\Objects\main.obj
COMPILER INVOKED BY: D:\keil5\C51\BIN\C51.EXE main.c OPTIMIZE(8,SPEED) BROWSE INCDIR(.\Delay;.\LCD1602;.\MatrixKey) DEBU
                    -G OBJECTEXTEND PRINT(.\Listings\main.lst) OBJECT(.\Objects\main.obj)

line level    source

   1          #include <REGX52.H>
   2          #include "Delay.h"
   3          #include "LCD1602.h"
   4          #include "MatrixKey.h"
   5          
   6          unsigned char KeyNum = 0;
   7          unsigned int Password = 0;
   8          unsigned int count = 0;
   9          
  10          int main()
  11          {
  12   1          LCD_Init();
  13   1          LCD_ShowString(1,1,"Password");
  14   1          while(1)
  15   1          {
  16   2              KeyNum = MatrixKey();
  17   2              if(KeyNum != 0)
  18   2              {
  19   3                  if(KeyNum <= 10)     //如果S1~S10按键按下，输入密码
  20   3                  {
  21   4                      if(count < 4)      //限制密码只有四位
  22   4                      {
  23   5                      Password *= 10;            //密码左移一位
  24   5                      Password += KeyNum % 10;    //获取一位密码
  25   5                      count++;                        //计次加一
  26   5                      }
  27   4                      LCD_ShowNum(2,1,Password,4);   //更新显示   
  28   4                     
  29   4                      
  30   4                  }
  31   3                  if(KeyNum == 11)   //S11是确认键
  32   3                  {
  33   4                      if(Password == 2345)     //判断密码是否正确
  34   4                      {
  35   5                          LCD_ShowString(1,14,"OK ");
  36   5                          Password = 0;  //密码清零
  37   5                          count = 0;      //计次清零
  38   5                          LCD_ShowNum(2,1,Password,4);   //更新显示 
  39   5                      }
  40   4                      else
  41   4                      {
  42   5                          LCD_ShowString(1,14,"ERR");
  43   5                           Password = 0;  //密码清零
  44   5                          count = 0;      //计次清零
  45   5                          LCD_ShowNum(2,1,Password,4);   //更新显示 
  46   5                      }
  47   4                  }
  48   3                  if(KeyNum == 12)    //S12是取消键
  49   3                  {
  50   4                          Password = 0;  //密码清零
  51   4                          count = 0;      //计次清零
  52   4                          LCD_ShowNum(2,1,Password,4);   //更新显示 
  53   4                  }                 
  54   3                  
C51 COMPILER V9.60.7.0   MAIN                                                              07/30/2023 15:09:32 PAGE 2   

  55   3              }
  56   2          }
  57   1      }


MODULE INFORMATION:   STATIC OVERLAYABLE
   CODE SIZE        =    189    ----
   CONSTANT SIZE    =     17    ----
   XDATA SIZE       =   ----    ----
   PDATA SIZE       =   ----    ----
   DATA SIZE        =      5    ----
   IDATA SIZE       =   ----    ----
   BIT SIZE         =   ----    ----
END OF MODULE INFORMATION.


C51 COMPILATION COMPLETE.  0 WARNING(S),  0 ERROR(S)
