C51 COMPILER V9.60.7.0   MAIN                                                              08/04/2023 22:04:57 PAGE 1   


C51 COMPILER V9.60.7.0, COMPILATION OF MODULE MAIN
OBJECT MODULE PLACED IN .\Objects\main.obj
COMPILER INVOKED BY: D:\keil5\C51\BIN\C51.EXE main.c OPTIMIZE(8,SPEED) BROWSE INCDIR(.\Delay) DEBUG OBJECTEXTEND PRINT(.
                    -\Listings\main.lst) OBJECT(.\Objects\main.obj)

line level    source

   1          #include <REGX52.H>
   2          #include "Delay.h"
   3          
   4          sbit RCK = P3^5;   //P3的第五位   //RCLK
   5          sbit SCK = P3^6;                  //SRCLK
   6          sbit SER = P3^4;                  //SER
   7          
   8          #define MATRIX_LED_PORT P0
   9          void _74HC595_WriteByte(unsigned char Byte)
  10              {
  11   1              unsigned char i = 0;
  12   1              for(i = 0; i < 8; i++)
  13   1              {
  14   2                  SER = Byte & (0x80 >> i);    
  15   2                  SCK = 1;
  16   2                  SCK = 0;
  17   2              }
  18   1              RCK = 1;
  19   1              RCK = 0;
  20   1        
  21   1          }
  22              
  23              
  24          void MatrixLED_ShoweColumn(unsigned char Column,unsigned char Data)
  25          {
  26   1          _74HC595_WriteByte(Data);
  27   1          MATRIX_LED_PORT = ~(0x80 >> Column);
  28   1          Delay(1);
  29   1          MATRIX_LED_PORT = 0xFF;
  30   1      }
  31          int main()
  32          {
  33   1         
  34   1          SCK = 0;
  35   1          RCK = 0;
  36   1          MatrixLED_ShoweColumn(7,0xF0);
  37   1          while(1)
  38   1          {
  39   2               MatrixLED_ShoweColumn(0,0x81);
  40   2               MatrixLED_ShoweColumn(1,0x40);
  41   2               MatrixLED_ShoweColumn(2,0x20);
  42   2               MatrixLED_ShoweColumn(3,0x10);
  43   2               MatrixLED_ShoweColumn(4,0x08);
  44   2              
  45   2          }
  46   1          
  47   1      }


MODULE INFORMATION:   STATIC OVERLAYABLE
   CODE SIZE        =    129    ----
   CONSTANT SIZE    =   ----    ----
   XDATA SIZE       =   ----    ----
   PDATA SIZE       =   ----    ----
C51 COMPILER V9.60.7.0   MAIN                                                              08/04/2023 22:04:57 PAGE 2   

   DATA SIZE        =   ----    ----
   IDATA SIZE       =   ----    ----
   BIT SIZE         =   ----    ----
END OF MODULE INFORMATION.


C51 COMPILATION COMPLETE.  0 WARNING(S),  0 ERROR(S)
