C51 COMPILER V9.60.7.0   MAIN                                                              08/09/2023 17:32:57 PAGE 1   


C51 COMPILER V9.60.7.0, COMPILATION OF MODULE MAIN
OBJECT MODULE PLACED IN .\Objects\main.obj
COMPILER INVOKED BY: D:\keil5\C51\BIN\C51.EXE main.c OPTIMIZE(8,SPEED) BROWSE INCDIR(.\LCD1602;.\DS1302;.\Delay;.\key;.\
                    -time) DEBUG OBJECTEXTEND PRINT(.\Listings\main.lst) OBJECT(.\Objects\main.obj)

line level    source

   1          #include <REGX52.H>
   2          #include "LCD1602.h"
   3          #include "DS1302.h"
   4          #include "Delay.h"
   5          #include "time0.h"
   6          #include "key.h"
   7          
   8          unsigned char KeyNum,MODE,TimeSetSelect,TimeSetFlashFlag;
   9          
  10          void TimeShow(void)
  11          {
  12   1            DS1302_ReadTime();
  13   1              LCD_ShowNum(1,1,DS1302_Time[0],2);
  14   1              LCD_ShowNum(1,4,DS1302_Time[1],2);
  15   1              LCD_ShowNum(1,7,DS1302_Time[2],2);
  16   1              LCD_ShowNum(2,1,DS1302_Time[3],2);
  17   1              LCD_ShowNum(2,4,DS1302_Time[4],2);
  18   1              LCD_ShowNum(2,7,DS1302_Time[5],2);
  19   1              
  20   1              
  21   1      }
  22          void TimeSet(void)
  23          {
  24   1              if(KeyNum == 2)
  25   1              {
  26   2                  TimeSetSelect++;
  27   2                  if(TimeSetSelect > 5){TimeSetSelect = 0;}
  28   2              }
  29   1              if(KeyNum == 3)
  30   1              {
  31   2                  DS1302_Time[TimeSetSelect]++;
  32   2                  if(DS1302_Time[0] > 99){DS1302_Time[0] = 0;}
  33   2                  if(DS1302_Time[1] > 12){DS1302_Time[1] = 1;}
  34   2                  if(DS1302_Time[1] == 1 || DS1302_Time[1] == 3 || DS1302_Time[1] == 5 || 
  35   2                     DS1302_Time[1] == 7 || DS1302_Time[1] == 8 || DS1302_Time[1] == 10 || DS1302_Time[1] == 12)
  36   2                  {
  37   3                      if(DS1302_Time[2] > 31){DS1302_Time[2] = 1;}
  38   3                  }
  39   2                  else if(DS1302_Time[1] == 4 || DS1302_Time[1] == 6 || DS1302_Time[1] == 9 || DS1302_Time[1] ==
             - 11)
  40   2                  {
  41   3                      if(DS1302_Time[2] > 30){DS1302_Time[2] = 1;}
  42   3                  }
  43   2                  else if(DS1302_Time[1] == 2)
  44   2                  {
  45   3                      if(DS1302_Time[0] % 4 == 0)
  46   3                      {
  47   4                          if(DS1302_Time[2] > 29){DS1302_Time[2] = 1;}
  48   4                          }
  49   3                          else
  50   3                          {
  51   4                              if(DS1302_Time[2] > 28){DS1302_Time[2] = 1;}
  52   4                          }
  53   3                  }
C51 COMPILER V9.60.7.0   MAIN                                                              08/09/2023 17:32:57 PAGE 2   

  54   2                  
  55   2                  if(DS1302_Time[3] > 23){DS1302_Time[3] = 0;}
  56   2                  if(DS1302_Time[4] > 59){DS1302_Time[4] = 0;}
  57   2                  if(DS1302_Time[5] > 59){DS1302_Time[5] = 0;}
  58   2              }
  59   1              if(KeyNum == 4)
  60   1              {
  61   2                  DS1302_Time[TimeSetSelect]--;
  62   2                   if(DS1302_Time[0] < 0){DS1302_Time[0] = 99;}
  63   2                  if(DS1302_Time[1] < 1){DS1302_Time[1] = 12;}
  64   2                  if(DS1302_Time[1] == 1 || DS1302_Time[1] == 3 || DS1302_Time[1] == 5 || 
  65   2                     DS1302_Time[1] == 7 || DS1302_Time[1] == 8 || DS1302_Time[1] == 10 || DS1302_Time[1] == 12)
  66   2                  {
  67   3                      if(DS1302_Time[2] < 1){DS1302_Time[2] = 31;}
  68   3                      if(DS1302_Time[2] > 31){DS1302_Time[2] = 1;}
  69   3                  }
  70   2                  else if(DS1302_Time[1] == 4 || DS1302_Time[1] == 6 || DS1302_Time[1] == 9 || DS1302_Time[1] ==
             - 11)
  71   2                  {
  72   3                      if(DS1302_Time[2] < 1){DS1302_Time[2] = 30;}
  73   3                      if(DS1302_Time[2] > 30){DS1302_Time[2] = 1;}
  74   3                  }
  75   2                  else if(DS1302_Time[1] == 2)
  76   2                  {
  77   3                      if(DS1302_Time[0] % 4 == 0)
  78   3                      {
  79   4                          if(DS1302_Time[2] < 1){DS1302_Time[2] = 29;}
  80   4                          if(DS1302_Time[2] > 29){DS1302_Time[2] = 1;}
  81   4                          }
  82   3                          else
  83   3                          {
  84   4                              if(DS1302_Time[2] < 1){DS1302_Time[2] = 28;}
  85   4                              if(DS1302_Time[2] > 28){DS1302_Time[2] = 1;}
  86   4                          }
  87   3                  }
  88   2                  
  89   2                  if(DS1302_Time[3] < 0){DS1302_Time[3] = 23;}
  90   2                  if(DS1302_Time[4] < 0){DS1302_Time[4] = 59;}
  91   2                  if(DS1302_Time[5] < 0){DS1302_Time[5] = 59;}
  92   2              }
  93   1              
  94   1                   if(TimeSetSelect == 0 && TimeSetFlashFlag ==1){LCD_ShowString(1,1,"  ");}
  95   1              else{LCD_ShowNum(1,1,DS1302_Time[0],2);}
  96   1                   if(TimeSetSelect == 0 && TimeSetFlashFlag ==1){LCD_ShowString(1,4,"  ");}
  97   1              else{LCD_ShowNum(1,4,DS1302_Time[1],2);}
  98   1                   if(TimeSetSelect == 0 && TimeSetFlashFlag ==1){LCD_ShowString(1,7,"  ");}
  99   1              else{LCD_ShowNum(1,7,DS1302_Time[2],2);}
 100   1                   if(TimeSetSelect == 0 && TimeSetFlashFlag ==1){LCD_ShowString(2,1,"  ");}
 101   1              else{LCD_ShowNum(2,1,DS1302_Time[3],2);}
 102   1                   if(TimeSetSelect == 0 && TimeSetFlashFlag ==1){LCD_ShowString(2,4,"  ");}
 103   1              else{LCD_ShowNum(2,4,DS1302_Time[4],2);}
 104   1                   if(TimeSetSelect == 0 && TimeSetFlashFlag ==1){LCD_ShowString(2,7,"  ");}
 105   1              else{LCD_ShowNum(2,7,DS1302_Time[5],2);}
 106   1                
 107   1              
 108   1              
 109   1              
 110   1              
 111   1              LCD_ShowNum(2,10,TimeSetSelect,2);
 112   1              LCD_ShowNum(2,13,TimeSetFlashFlag,2);
 113   1              
 114   1      }
C51 COMPILER V9.60.7.0   MAIN                                                              08/09/2023 17:32:57 PAGE 3   

 115          int main()
 116          {
 117   1          LCD_Init();
 118   1          DS1302_Init();
 119   1          Timer0Init();
*** WARNING C206 IN LINE 119 OF main.c: 'Timer0Init': missing function-prototype
 120   1          LCD_ShowString(1,1,"  -  -  ");
 121   1          LCD_ShowString(2,1,"  :  :  ");
 122   1          
 123   1          DS1302_SetTime();
 124   1          
 125   1          while (1)
 126   1          {
 127   2              KeyNum = Key();
 128   2              if(KeyNum == 1)
 129   2              {
 130   3                   if(MODE == 0){MODE = 1;}
 131   3                   else if(MODE == 1){MODE = 0;DS1302_SetTime();}
 132   3              
 133   3              }
 134   2              switch(MODE)
 135   2              {
 136   3                  case 0:TimeShow();break;
 137   3                  case 1:TimeSet();break;
 138   3              }
 139   2           
 140   2              
 141   2              Delay(50);
 142   2          }
 143   1      }
 144          
 145          void Timer0_Routine() interrupt 1
 146          {
 147   1          static unsigned int T0Count = 0;
 148   1          TH0 = 0x18;
 149   1          TL0 - 0xFC;
*** WARNING C275 IN LINE 149 OF main.c: expression with possibly no effect
 150   1          T0Count++;
 151   1          if(T0Count >= 500)
 152   1          {
 153   2              T0Count = 0;
 154   2            TimeSetFlashFlag =!TimeSetFlashFlag;
 155   2          }
 156   1      }


MODULE INFORMATION:   STATIC OVERLAYABLE
   CODE SIZE        =    998    ----
   CONSTANT SIZE    =     21    ----
   XDATA SIZE       =   ----    ----
   PDATA SIZE       =   ----    ----
   DATA SIZE        =      6    ----
   IDATA SIZE       =   ----    ----
   BIT SIZE         =   ----    ----
END OF MODULE INFORMATION.


C51 COMPILATION COMPLETE.  2 WARNING(S),  0 ERROR(S)
