C51 COMPILER V9.60.7.0   UART                                                              08/02/2023 18:55:17 PAGE 1   


C51 COMPILER V9.60.7.0, COMPILATION OF MODULE UART
OBJECT MODULE PLACED IN .\Objects\UART.obj
COMPILER INVOKED BY: D:\keil5\C51\BIN\C51.EXE UART\UART.c OPTIMIZE(8,SPEED) BROWSE INCDIR(.\Delay;.\UART) DEBUG OBJECTEX
                    -TEND PRINT(.\Listings\UART.lst) OBJECT(.\Objects\UART.obj)

line level    source

   1          #include <REGX52.H>
   2          
   3          //串口初始化，4800bps@12.000MHz
   4          
   5          
   6          
   7          void UART_Init()
   8          {
   9   1          SCON = 0x40;
  10   1         PCON |= 0x80;
  11   1              
  12   1              TMOD &= 0x0F;                   //设置定时器模式
  13   1              TMOD |= 0x20;                   //设置定时器模式
  14   1              TL1 = 0xF4;                     //设置定时初始值
  15   1              TH1 = 0xF4;                     //设置定时重载值
  16   1          ET1 = 0;                    //禁止定时器中断
  17   1              TR1 = 1;                        //定时器1开始计时
  18   1      
  19   1      }
  20          
  21          
  22          //串口发送一个字节数据
  23          //Byte要返回的数据
  24          void UART_SendByte(unsigned char Byte)
  25          {
  26   1          SBUF = Byte;
  27   1          while(TI == 0);
  28   1          TI = 0;
  29   1      }


MODULE INFORMATION:   STATIC OVERLAYABLE
   CODE SIZE        =     31    ----
   CONSTANT SIZE    =   ----    ----
   XDATA SIZE       =   ----    ----
   PDATA SIZE       =   ----    ----
   DATA SIZE        =   ----    ----
   IDATA SIZE       =   ----    ----
   BIT SIZE         =   ----    ----
END OF MODULE INFORMATION.


C51 COMPILATION COMPLETE.  0 WARNING(S),  0 ERROR(S)
