C51 COMPILER V9.60.7.0   LCD1602                                                           09/02/2023 23:47:46 PAGE 1   


C51 COMPILER V9.60.7.0, COMPILATION OF MODULE LCD1602
OBJECT MODULE PLACED IN .\Objects\LCD1602.obj
COMPILER INVOKED BY: D:\keil5\C51\BIN\C51.EXE LCD1602\LCD1602.c OPTIMIZE(8,SPEED) BROWSE INCDIR(.\Delay;.\LCD1602) DEBUG
                    - OBJECTEXTEND PRINT(.\Listings\LCD1602.lst) OBJECT(.\Objects\LCD1602.obj)

line level    source

   1          #include <REGX52.H>
   2          #include "Delay.h"
   3          
   4          sbit LCD_RS = P2^6;
   5          sbit LCD_RW = P2^5;
   6          sbit LCD_E = P2^7;
   7          #define LCD_DataPort P0
   8          
   9          
  10          void LCD_WriteCommand(unsigned char Command)
  11          {
  12   1          LCD_RS = 0;
  13   1          LCD_RW = 0;
  14   1          LCD_DataPort = Command;
  15   1          LCD_E = 1;
  16   1          Delay(1);
  17   1          LCD_E = 0;
  18   1          Delay(1);
  19   1      }
  20          
  21          void LCD_WriteData(unsigned char Data)
  22          {
  23   1          LCD_RS = 1;
  24   1          LCD_RW = 0;
  25   1          LCD_DataPort = Data;
  26   1          LCD_E = 1;
  27   1          Delay(1);
  28   1          LCD_E = 0;
  29   1          Delay(1);
  30   1      }
  31          
  32          void LCD_Init()
  33          {
  34   1          LCD_WriteCommand(0x38);
  35   1          LCD_WriteCommand(0x0c);
  36   1          LCD_WriteCommand(0x06);
  37   1          LCD_WriteCommand(0x01);
  38   1      }
  39          
  40          void LCD_SetCursor(unsigned char Line,unsigned char Column)
  41          {
  42   1          if(Line == 1)
  43   1          {
  44   2              LCD_WriteCommand(0x80 | (Column - 1));
  45   2              
  46   2          }
  47   1          else
  48   1          {
  49   2             LCD_WriteCommand(0x80 | (Column - 1) + 0x40); 
  50   2          }
  51   1      }
  52          
  53          void LCD_ShowChar(unsigned char Line,unsigned char Column,unsigned char Char)
  54          {
C51 COMPILER V9.60.7.0   LCD1602                                                           09/02/2023 23:47:46 PAGE 2   

  55   1          LCD_SetCursor(Line,Column);
  56   1           LCD_WriteData(Char);   
  57   1      }
  58          
  59          
  60          void LCD_ShowString(unsigned char Line,unsigned char Column, unsigned char String[])
  61          {
  62   1          unsigned char i;
  63   1          LCD_SetCursor(Line,Column);
  64   1          for(i = 0; String[i] != '\0'; i++)
  65   1          {
  66   2              LCD_WriteData(String[i]);
  67   2          }
  68   1          
  69   1      }
  70          
  71          int LCD_Pow(int X, int Y)
  72          {
  73   1          unsigned char i;
  74   1          int Result = 1;
  75   1          for(i = 0; i < Y; i++)
  76   1          {
  77   2              Result *= X;
  78   2          }
  79   1          return Result;
  80   1      }
  81          void LCD_ShowNum(unsigned char Line,unsigned char Column, unsigned int Number,unsigned char Length)
  82              
  83          {
  84   1          unsigned char i;
  85   1          LCD_SetCursor(Line,Column);
  86   1          for(i = Length; i > 0; i--)
  87   1          {
  88   2               LCD_WriteData(0x30 + Number / LCD_Pow(10,i-1) % 10);
  89   2             
  90   2          }
  91   1          
  92   1      }
  93          
  94          void LCD_ShowSignedNum(unsigned char Line,unsigned char Column, int Number,unsigned char Length)
  95          {
  96   1           unsigned char i;
  97   1          unsigned int Number1;
  98   1          LCD_SetCursor(Line,Column);
  99   1          if(Number >= 0)
 100   1          {
 101   2              LCD_WriteData('+');
 102   2              Number1 = Number;
 103   2          }
 104   1          else
 105   1          {
 106   2              LCD_WriteData('-');
 107   2              Number1 = -Number;
 108   2          }
 109   1          
 110   1          for(i = Length; i > 0; i--)
 111   1          {
 112   2               LCD_WriteData(0x30 + Number1 / LCD_Pow(10,i-1) % 10);
 113   2             
 114   2          }
 115   1      }
 116          
C51 COMPILER V9.60.7.0   LCD1602                                                           09/02/2023 23:47:46 PAGE 3   

 117          
 118          void LCDShowHexNum(unsigned char Line,unsigned char Column,unsigned int Number,unsigned char Length)
 119          {
 120   1           unsigned char i;
 121   1          unsigned char SingleNumber;
 122   1          LCD_SetCursor(Line,Column);
 123   1          for(i = Length; i > 0; i--)
 124   1          {
 125   2             SingleNumber = Number / LCD_Pow(16,i-1) % 16;
 126   2             if(SingleNumber < 10)
 127   2             {
 128   3                 LCD_WriteData('0' + SingleNumber);
 129   3             }
 130   2             else
 131   2             {
 132   3                 LCD_WriteData('A' + SingleNumber - 10);
 133   3             }
 134   2          }
 135   1      }
 136          
 137          void LCD_ShowBinNum(unsigned char Line,unsigned char Column,unsigned int Number,unsigned char Length)
 138          {
 139   1              unsigned char i;
 140   1              LCD_SetCursor(Line,Column);
 141   1              for(i=Length;i>0;i--)
 142   1              {
 143   2                      LCD_WriteData('0'+Number/LCD_Pow(2,i-1)%2);
 144   2              }
 145   1      }


MODULE INFORMATION:   STATIC OVERLAYABLE
   CODE SIZE        =    435    ----
   CONSTANT SIZE    =   ----    ----
   XDATA SIZE       =   ----    ----
   PDATA SIZE       =   ----    ----
   DATA SIZE        =   ----      37
   IDATA SIZE       =   ----    ----
   BIT SIZE         =   ----    ----
END OF MODULE INFORMATION.


C51 COMPILATION COMPLETE.  0 WARNING(S),  0 ERROR(S)
