C51 COMPILER V9.60.7.0   MAIN                                                              09/02/2023 23:47:45 PAGE 1   


C51 COMPILER V9.60.7.0, COMPILATION OF MODULE MAIN
OBJECT MODULE PLACED IN .\Objects\main.obj
COMPILER INVOKED BY: D:\keil5\C51\BIN\C51.EXE main.c OPTIMIZE(8,SPEED) BROWSE INCDIR(.\Delay;.\LCD1602) DEBUG OBJECTEXTE
                    -ND PRINT(.\Listings\main.lst) OBJECT(.\Objects\main.obj)

line level    source

   1          #include <REGX52.H>
   2          #include "LCD1602.h"
   3          
   4          int main()
   5          {
   6   1          LCD_Init();
   7   1          LCD_ShowChar(2,3,'A');
   8   1          LCD_ShowString(1,3,"HELLo");
   9   1          LCD_ShowNum(1,9,66,2);
  10   1          LCD_ShowSignedNum(1,12,-88,2);
  11   1          LCD_ShowHexNum(2,1,0xA5,2);
  12   1          while(1)
  13   1          {
  14   2              
  15   2              
  16   2          }
  17   1      }


MODULE INFORMATION:   STATIC OVERLAYABLE
   CODE SIZE        =     69    ----
   CONSTANT SIZE    =      6    ----
   XDATA SIZE       =   ----    ----
   PDATA SIZE       =   ----    ----
   DATA SIZE        =   ----    ----
   IDATA SIZE       =   ----    ----
   BIT SIZE         =   ----    ----
END OF MODULE INFORMATION.


C51 COMPILATION COMPLETE.  0 WARNING(S),  0 ERROR(S)
